<?xml version="1.0" encoding="UTF-8"?>
<!-- Generated by org.testng.reporters.JUnitReportReporter -->
<testsuite hostname="Ganesh-PC" name="Maven_Project_01.Maven_Demo.Selenium_Test" tests="1" failures="0" timestamp="9 Feb 2018 09:14:36 GMT" time="59.584" errors="0">
  <testcase name="tc_01" time="59.584" classname="Maven_Project_01.Maven_Demo.Selenium_Test"/>
</testsuite> <!-- Maven_Project_01.Maven_Demo.Selenium_Test -->
