<?xml version="1.0" encoding="UTF-8"?>
<!-- Generated by org.testng.reporters.JUnitReportReporter -->
<testsuite hostname="Ganesh-PC" name="Maven_Project_01.Maven_Demo.MavenTest" tests="5" failures="0" timestamp="16 Feb 2018 13:06:41 GMT" time="0.003" errors="0">
  <testcase name="multi_3" time="0.000" classname="Maven_Project_01.Maven_Demo.MavenTest"/>
  <testcase name="div_4" time="0.000" classname="Maven_Project_01.Maven_Demo.MavenTest"/>
  <testcase name="sub_2" time="0.000" classname="Maven_Project_01.Maven_Demo.MavenTest"/>
  <testcase name="div_5" time="0.000" classname="Maven_Project_01.Maven_Demo.MavenTest"/>
  <testcase name="add_1" time="0.003" classname="Maven_Project_01.Maven_Demo.MavenTest"/>
</testsuite> <!-- Maven_Project_01.Maven_Demo.MavenTest -->
