<?xml version="1.0" encoding="UTF-8"?>
<!-- Generated by org.testng.reporters.JUnitReportReporter -->
<testsuite hostname="Ganesh-PC" name="Maven_Project_01.Maven_Demo.Demo_Test" tests="1" failures="0" timestamp="9 Feb 2018 09:14:36 GMT" time="0.019" errors="0">
  <testcase name="demo" time="0.019" classname="Maven_Project_01.Maven_Demo.Demo_Test"/>
</testsuite> <!-- Maven_Project_01.Maven_Demo.Demo_Test -->
