<?xml version="1.0" encoding="UTF-8"?>
<!-- Generated by org.testng.reporters.JUnitReportReporter -->
<testsuite hostname="Ganesh-PC" name="Maven_Project_01.Maven_Demo.Selenium_Test" tests="1" failures="0" timestamp="8 Feb 2018 12:43:29 GMT" time="20.431" errors="0">
  <testcase name="tc_01" time="20.431" classname="Maven_Project_01.Maven_Demo.Selenium_Test"/>
</testsuite> <!-- Maven_Project_01.Maven_Demo.Selenium_Test -->
