<?xml version="1.0" encoding="UTF-8"?>
<!-- Generated by org.testng.reporters.JUnitReportReporter -->
<testsuite hostname="Ganesh-PC" name="Maven_Project_01.Maven_Demo.Demo_Test" tests="1" failures="0" timestamp="8 Feb 2018 12:43:29 GMT" time="0.017" errors="0">
  <testcase name="demo" time="0.017" classname="Maven_Project_01.Maven_Demo.Demo_Test"/>
</testsuite> <!-- Maven_Project_01.Maven_Demo.Demo_Test -->
